<?xml version="1.0" encoding="UTF-8"?>
<testng-results ignored="0" total="1" passed="1" failed="0" skipped="0">
  <reporter-output>
  </reporter-output>
  <suite started-at="2026-03-31T20:19:05 IST" name="TestSuite" finished-at="2026-03-31T20:19:48 IST" duration-ms="42982">
    <groups>
      <group name="cucumber">
        <method signature="AbstractTestNGCucumberTests.runScenario(io.cucumber.testng.PickleWrapper,io.cucumber.testng.FeatureWrapper)[pri:0, instance:runners.TEST_RUNNER@23aa363a]" name="runScenario" class="io.cucumber.testng.AbstractTestNGCucumberTests"/>
      </group> <!-- cucumber -->
    </groups>
    <test started-at="2026-03-31T20:19:05 IST" name="TestRunner" finished-at="2026-03-31T20:19:48 IST" duration-ms="42982">
      <class name="runners.TEST_RUNNER">
        <test-method is-config="true" signature="setUpClass(org.testng.ITestContext)[pri:0, instance:runners.TEST_RUNNER@23aa363a]" started-at="2026-03-31T20:19:05 IST" name="setUpClass" finished-at="2026-03-31T20:19:07 IST" duration-ms="2488" status="PASS">
          <params>
            <param index="0">
              <value>
                <![CDATA[org.testng.TestRunner@6eeb29c0]]>
              </value>
            </param>
          </params>
          <reporter-output>
          </reporter-output>
        </test-method> <!-- setUpClass -->
        <test-method signature="runScenario(io.cucumber.testng.PickleWrapper,io.cucumber.testng.FeatureWrapper)[pri:0, instance:runners.TEST_RUNNER@23aa363a]" started-at="2026-03-31T20:19:07 IST" name="runScenario" description="Runs Cucumber Scenarios" data-provider="scenarios" finished-at="2026-03-31T20:19:39 IST" duration-ms="31797" status="PASS">
          <params>
            <param index="0">
              <value>
                <![CDATA["verify login with a valid credentials"]]>
              </value>
            </param>
            <param index="1">
              <value>
                <![CDATA["login page"]]>
              </value>
            </param>
          </params>
          <reporter-output>
          </reporter-output>
        </test-method> <!-- runScenario -->
        <test-method is-config="true" signature="tearDownClass()[pri:0, instance:runners.TEST_RUNNER@23aa363a]" started-at="2026-03-31T20:19:39 IST" name="tearDownClass" finished-at="2026-03-31T20:19:48 IST" duration-ms="8562" status="PASS">
          <reporter-output>
          </reporter-output>
        </test-method> <!-- tearDownClass -->
      </class> <!-- runners.TEST_RUNNER -->
    </test> <!-- TestRunner -->
  </suite> <!-- TestSuite -->
</testng-results>
