<?xml version="1.0" encoding="UTF-8"?>
<testng-results ignored="0" total="1" passed="1" failed="0" skipped="0">
  <reporter-output>
  </reporter-output>
  <suite started-at="2026-03-31T10:09:32 IST" name="Default suite" finished-at="2026-03-31T10:10:20 IST" duration-ms="48367">
    <groups>
      <group name="cucumber">
        <method signature="AbstractTestNGCucumberTests.runScenario(io.cucumber.testng.PickleWrapper,io.cucumber.testng.FeatureWrapper)[pri:0, instance:runners.TEST_RUNNER@4cc6fa2a]" name="runScenario" class="io.cucumber.testng.AbstractTestNGCucumberTests"/>
      </group> <!-- cucumber -->
    </groups>
    <test started-at="2026-03-31T10:09:32 IST" name="Default test" finished-at="2026-03-31T10:10:20 IST" duration-ms="48367">
      <class name="runners.TEST_RUNNER">
        <test-method is-config="true" signature="setUpClass(org.testng.ITestContext)[pri:0, instance:runners.TEST_RUNNER@4cc6fa2a]" started-at="2026-03-31T10:09:32 IST" name="setUpClass" finished-at="2026-03-31T10:09:35 IST" duration-ms="2914" status="PASS">
          <params>
            <param index="0">
              <value>
                <![CDATA[org.testng.TestRunner@f01fc6d]]>
              </value>
            </param>
          </params>
          <reporter-output>
          </reporter-output>
        </test-method> <!-- setUpClass -->
        <test-method signature="runScenario(io.cucumber.testng.PickleWrapper,io.cucumber.testng.FeatureWrapper)[pri:0, instance:runners.TEST_RUNNER@4cc6fa2a]" started-at="2026-03-31T10:09:35 IST" name="runScenario" description="Runs Cucumber Scenarios" data-provider="scenarios" finished-at="2026-03-31T10:10:12 IST" duration-ms="37312" status="PASS">
          <params>
            <param index="0">
              <value>
                <![CDATA["verify login with a valid credentials"]]>
              </value>
            </param>
            <param index="1">
              <value>
                <![CDATA["login page"]]>
              </value>
            </param>
          </params>
          <reporter-output>
          </reporter-output>
        </test-method> <!-- runScenario -->
        <test-method is-config="true" signature="generateReport()[pri:0, instance:runners.TEST_RUNNER@4cc6fa2a]" started-at="2026-03-31T10:10:12 IST" name="generateReport" finished-at="2026-03-31T10:10:14 IST" duration-ms="1936" status="PASS">
          <reporter-output>
          </reporter-output>
        </test-method> <!-- generateReport -->
        <test-method is-config="true" signature="tearDownClass()[pri:0, instance:runners.TEST_RUNNER@4cc6fa2a]" started-at="2026-03-31T10:10:14 IST" name="tearDownClass" finished-at="2026-03-31T10:10:20 IST" duration-ms="6040" status="PASS">
          <reporter-output>
          </reporter-output>
        </test-method> <!-- tearDownClass -->
      </class> <!-- runners.TEST_RUNNER -->
    </test> <!-- Default test -->
  </suite> <!-- Default suite -->
</testng-results>
