<?xml version="1.0" encoding="UTF-8"?>
<testng-results ignored="0" total="1" passed="1" failed="0" skipped="0">
  <reporter-output>
  </reporter-output>
  <suite started-at="2026-04-01T06:13:51 IST" name="Default suite" finished-at="2026-04-01T06:14:31 IST" duration-ms="40155">
    <groups>
      <group name="cucumber">
        <method signature="AbstractTestNGCucumberTests.runScenario(io.cucumber.testng.PickleWrapper,io.cucumber.testng.FeatureWrapper)[pri:0, instance:runners.TEST_RUNNER@30d4b288]" name="runScenario" class="io.cucumber.testng.AbstractTestNGCucumberTests"/>
      </group> <!-- cucumber -->
    </groups>
    <test started-at="2026-04-01T06:13:51 IST" name="Default test" finished-at="2026-04-01T06:14:31 IST" duration-ms="40155">
      <class name="runners.TEST_RUNNER">
        <test-method is-config="true" signature="setUpClass(org.testng.ITestContext)[pri:0, instance:runners.TEST_RUNNER@30d4b288]" started-at="2026-04-01T06:13:51 IST" name="setUpClass" finished-at="2026-04-01T06:13:54 IST" duration-ms="2731" status="PASS">
          <params>
            <param index="0">
              <value>
                <![CDATA[org.testng.TestRunner@11228bee]]>
              </value>
            </param>
          </params>
          <reporter-output>
          </reporter-output>
        </test-method> <!-- setUpClass -->
        <test-method signature="runScenario(io.cucumber.testng.PickleWrapper,io.cucumber.testng.FeatureWrapper)[pri:0, instance:runners.TEST_RUNNER@30d4b288]" started-at="2026-04-01T06:13:54 IST" name="runScenario" description="Runs Cucumber Scenarios" data-provider="scenarios" finished-at="2026-04-01T06:14:26 IST" duration-ms="31838" status="PASS">
          <params>
            <param index="0">
              <value>
                <![CDATA["verify login with a valid credentials"]]>
              </value>
            </param>
            <param index="1">
              <value>
                <![CDATA["login page"]]>
              </value>
            </param>
          </params>
          <reporter-output>
          </reporter-output>
        </test-method> <!-- runScenario -->
        <test-method is-config="true" signature="tearDownClass()[pri:0, instance:runners.TEST_RUNNER@30d4b288]" started-at="2026-04-01T06:14:26 IST" name="tearDownClass" finished-at="2026-04-01T06:14:31 IST" duration-ms="5438" status="PASS">
          <reporter-output>
          </reporter-output>
        </test-method> <!-- tearDownClass -->
      </class> <!-- runners.TEST_RUNNER -->
    </test> <!-- Default test -->
  </suite> <!-- Default suite -->
</testng-results>
